<?xml version="1.0" encoding="UTF-8"?>
<!-- Generated by org.testng.reporters.JUnitReportReporter -->
<testsuite skipped="0" hostname="LAPTOP-8CUGG0HS" name="com.james.tests.Testing" tests="2" failures="0" timestamp="2020-09-05T18:59:19 IST" time="16.690" errors="0">
  <testcase name="testing" time="9.217" classname="com.james.tests.Testing"/>
  <system-out/>
  <testcase name="getAllCustomers" time="7.473" classname="com.james.tests.Testing"/>
  <system-out/>
</testsuite> <!-- com.james.tests.Testing -->
