<?xml version="1.0" encoding="UTF-8"?>
<!-- Generated by org.testng.reporters.JUnitReportReporter -->
<testsuite skipped="1" hostname="LAPTOP-8CUGG0HS" name="runners.TestRunner" tests="1" failures="0" timestamp="2020-08-07T23:37:37 IST" time="0.000" errors="0">
  <testcase name="feature" time="0.000" classname="runners.TestRunner">
    <skipped/>
  </testcase> <!-- feature -->
</testsuite> <!-- runners.TestRunner -->
